Using pre-set license
Built from '2021.3/staging' branch; Version is '2021.3.8f1 (b30333d56e81) revision 11731763'; Using compiler version '192829333'; Build Type 'Release'
OS: 'Windows 10  (10.0.19044) 64bit Core' Language: 'en' Physical Memory: 16332 MB
BatchMode: 1, IsHumanControllingUs: 0, StartBugReporterOnCrash: 0, Is64bit: 1, IsPro: 1

COMMAND LINE ARGUMENTS:
X:\2021.3.8f1\Editor\Unity.exe
-adb2
-batchMode
-noUpm
-name
AssetImportWorker0
-projectPath
X:/unityproj/MCPE Guessr
-logFile
Logs/AssetImportWorker0.log
-srvPort
1035
Successfully changed project path to: X:/unityproj/MCPE Guessr
X:/unityproj/MCPE Guessr
[UnityMemory] Configuration Parameters - Can be set up in boot.config
    "memorysetup-bucket-allocator-granularity=16"
    "memorysetup-bucket-allocator-bucket-count=8"
    "memorysetup-bucket-allocator-block-size=33554432"
    "memorysetup-bucket-allocator-block-count=8"
    "memorysetup-main-allocator-block-size=16777216"
    "memorysetup-thread-allocator-block-size=16777216"
    "memorysetup-gfx-main-allocator-block-size=16777216"
    "memorysetup-gfx-thread-allocator-block-size=16777216"
    "memorysetup-cache-allocator-block-size=4194304"
    "memorysetup-typetree-allocator-block-size=2097152"
    "memorysetup-profiler-bucket-allocator-granularity=16"
    "memorysetup-profiler-bucket-allocator-bucket-count=8"
    "memorysetup-profiler-bucket-allocator-block-size=33554432"
    "memorysetup-profiler-bucket-allocator-block-count=8"
    "memorysetup-profiler-allocator-block-size=16777216"
    "memorysetup-profiler-editor-allocator-block-size=1048576"
    "memorysetup-temp-allocator-size-main=16777216"
    "memorysetup-job-temp-allocator-block-size=2097152"
    "memorysetup-job-temp-allocator-block-size-background=1048576"
    "memorysetup-job-temp-allocator-reduction-small-platforms=262144"
    "memorysetup-temp-allocator-size-background-worker=32768"
    "memorysetup-temp-allocator-size-job-worker=262144"
    "memorysetup-temp-allocator-size-preload-manager=33554432"
    "memorysetup-temp-allocator-size-nav-mesh-worker=65536"
    "memorysetup-temp-allocator-size-audio-worker=65536"
    "memorysetup-temp-allocator-size-cloud-worker=32768"
    "memorysetup-temp-allocator-size-gi-baking-worker=262144"
    "memorysetup-temp-allocator-size-gfx=262144"
Refreshing native plugins compatible for Editor in 108.92 ms, found 4 plugins.
Preloading 0 native plugins for Editor in 0.00 ms.
Initialize engine version: 2021.3.8f1 (b30333d56e81)
[Subsystems] Discovering subsystems at path X:/2021.3.8f1/Editor/Data/Resources/UnitySubsystems
[Subsystems] Discovering subsystems at path X:/unityproj/MCPE Guessr/Assets
GfxDevice: creating device client; threaded=0; jobified=0
Direct3D:
    Version:  Direct3D 11.0 [level 11.1]
    Renderer: NVIDIA GeForce GTX 1080 (ID=0x1b80)
    Vendor:   NVIDIA
    VRAM:     8079 MB
    Driver:   31.0.15.1694
Initialize mono
Mono path[0] = 'X:/2021.3.8f1/Editor/Data/Managed'
Mono path[1] = 'X:/2021.3.8f1/Editor/Data/MonoBleedingEdge/lib/mono/unityjit-win32'
Mono config path = 'X:/2021.3.8f1/Editor/Data/MonoBleedingEdge/etc'
Using monoOptions --debugger-agent=transport=dt_socket,embedding=1,server=y,suspend=n,address=127.0.0.1:56924
Begin MonoManager ReloadAssembly
Registering precompiled unity dll's ...
Register platform support module: X:/2021.3.8f1/Editor/Data/PlaybackEngines/WebGLSupport/UnityEditor.WebGL.Extensions.dll
Register platform support module: X:/2021.3.8f1/Editor/Data/PlaybackEngines/WindowsStandaloneSupport/UnityEditor.WindowsStandalone.Extensions.dll
Registered in 0.003086 seconds.
Native extension for WindowsStandalone target not found
Native extension for WebGL target not found
Refreshing native plugins compatible for Editor in 114.36 ms, found 4 plugins.
Preloading 0 native plugins for Editor in 0.00 ms.
Mono: successfully reloaded assembly
- Completed reload, in  0.729 seconds
Domain Reload Profiling:
	ReloadAssembly (730ms)
		BeginReloadAssembly (77ms)
			ExecutionOrderSort (0ms)
			DisableScriptedObjects (0ms)
			BackupInstance (0ms)
			ReleaseScriptingObjects (0ms)
			CreateAndSetChildDomain (1ms)
		EndReloadAssembly (540ms)
			LoadAssemblies (76ms)
			RebuildTransferFunctionScriptingTraits (0ms)
			SetupTypeCache (111ms)
			ReleaseScriptCaches (0ms)
			RebuildScriptCaches (30ms)
			SetupLoadedEditorAssemblies (346ms)
				LogAssemblyErrors (0ms)
				InitializePlatformSupportModulesInManaged (8ms)
				SetLoadedEditorAssemblies (0ms)
				RefreshPlugins (114ms)
				BeforeProcessingInitializeOnLoad (1ms)
				ProcessInitializeOnLoadAttributes (163ms)
				ProcessInitializeOnLoadMethodAttributes (58ms)
				AfterProcessingInitializeOnLoad (0ms)
				EditorAssembliesLoaded (0ms)
			ExecutionOrderSort2 (0ms)
			AwakeInstancesAfterBackupRestoration (0ms)
Platform modules already initialized, skipping
Registering precompiled user dll's ...
Registered in 0.007806 seconds.
Begin MonoManager ReloadAssembly
Symbol file LoadedFromMemory doesn't match image X:\unityproj\MCPE Guessr\Library\PackageCache\com.unity.visualscripting@1.7.8\Editor\VisualScripting.Core\Dependencies\YamlDotNet\Unity.VisualScripting.YamlDotNet.dll
Symbol file LoadedFromMemory doesn't match image X:\unityproj\MCPE Guessr\Library\PackageCache\com.unity.visualscripting@1.7.8\Editor\VisualScripting.Core\Dependencies\DotNetZip\Unity.VisualScripting.IonicZip.dll
Native extension for WindowsStandalone target not found
Native extension for WebGL target not found
Refreshing native plugins compatible for Editor in 111.63 ms, found 4 plugins.
Preloading 0 native plugins for Editor in 0.00 ms.
Mono: successfully reloaded assembly
- Completed reload, in  1.285 seconds
Domain Reload Profiling:
	ReloadAssembly (1286ms)
		BeginReloadAssembly (113ms)
			ExecutionOrderSort (0ms)
			DisableScriptedObjects (7ms)
			BackupInstance (0ms)
			ReleaseScriptingObjects (0ms)
			CreateAndSetChildDomain (18ms)
		EndReloadAssembly (1050ms)
			LoadAssemblies (83ms)
			RebuildTransferFunctionScriptingTraits (0ms)
			SetupTypeCache (277ms)
			ReleaseScriptCaches (1ms)
			RebuildScriptCaches (67ms)
			SetupLoadedEditorAssemblies (563ms)
				LogAssemblyErrors (0ms)
				InitializePlatformSupportModulesInManaged (6ms)
				SetLoadedEditorAssemblies (0ms)
				RefreshPlugins (112ms)
				BeforeProcessingInitializeOnLoad (106ms)
				ProcessInitializeOnLoadAttributes (286ms)
				ProcessInitializeOnLoadMethodAttributes (50ms)
				AfterProcessingInitializeOnLoad (3ms)
				EditorAssembliesLoaded (0ms)
			ExecutionOrderSort2 (0ms)
			AwakeInstancesAfterBackupRestoration (10ms)
Platform modules already initialized, skipping
========================================================================
Worker process is ready to serve import requests
Launched and connected shader compiler UnityShaderCompiler.exe after 0.06 seconds
Refreshing native plugins compatible for Editor in 0.76 ms, found 4 plugins.
Preloading 0 native plugins for Editor in 0.00 ms.
Unloading 4086 Unused Serialized files (Serialized files now loaded: 0)
Unloading 44 unused Assets / (222.6 KB). Loaded Objects now: 4538.
Memory consumption went from 153.9 MB to 153.7 MB.
Total: 3.651400 ms (FindLiveObjects: 0.346600 ms CreateObjectMapping: 0.105000 ms MarkObjects: 3.041200 ms  DeleteObjects: 0.157500 ms)

AssetImportParameters requested are different than current active one (requested -> active):
  custom:video-decoder-ogg-theora: a1e56fd34408186e4bbccfd4996cb3dc -> 
  custom:container-muxer-webm: aa71ff27fc2769a1b78a27578f13a17b -> 
  custom:container-demuxer-webm: 4f35f7cbe854078d1ac9338744f61a02 -> 
  custom:video-encoder-webm-vp8: eb34c28f22e8b96e1ab97ce403110664 -> 
  custom:audio-encoder-webm-vorbis: bf7c407c2cedff20999df2af8eb42d56 -> 
  custom:framework-win-MediaFoundation: 216162199b28c13a410421893ffa2e32 -> 
  custom:container-demuxer-ogg: 62fdf1f143b41e24485cea50d1cbac27 -> 
  custom:video-decoder-webm-vp8: 9c59270c3fd7afecdb556c50c9e8de78 -> 
  custom:audio-decoder-ogg-vorbis: bf7c407c2cedff20999df2af8eb42d56 -> 
========================================================================
Received Import Request.
  Time since last request: 9487.209290 seconds.
  path: Assets/animations/map.controller
  artifactKey: Guid(b549556b42abdda438f1a1ee4240206e) Importer(815301076,1909f56bfc062723c751e8b465ee728b)
Start importing Assets/animations/map.controller using Guid(b549556b42abdda438f1a1ee4240206e) Importer(815301076,1909f56bfc062723c751e8b465ee728b)  -> (artifact id: '2a595f419d62e502a8593b2ab2303de6') in 0.046674 seconds 
========================================================================
Received Import Request.
  Time since last request: 180.371359 seconds.
  path: Assets/galaxiteimages/image0.png
  artifactKey: Guid(660bfa35f19ca9345b5a3e9bdf8fccad) Importer(815301076,1909f56bfc062723c751e8b465ee728b)
Start importing Assets/galaxiteimages/image0.png using Guid(660bfa35f19ca9345b5a3e9bdf8fccad) Importer(815301076,1909f56bfc062723c751e8b465ee728b)  -> (artifact id: '17b68ff05a2f21249ea8ce055c984134') in 0.274092 seconds 
========================================================================
Received Import Request.
  Time since last request: 0.000035 seconds.
  path: Assets/galaxiteimages/image29.png
  artifactKey: Guid(b38a4ff128e6c444a8b05b4fd92a90eb) Importer(815301076,1909f56bfc062723c751e8b465ee728b)
Start importing Assets/galaxiteimages/image29.png using Guid(b38a4ff128e6c444a8b05b4fd92a90eb) Importer(815301076,1909f56bfc062723c751e8b465ee728b)  -> (artifact id: 'dbc0567f32373f3c37fa4b07a4b5df24') in 0.166988 seconds 
========================================================================
Received Import Request.
  Time since last request: 0.000045 seconds.
  path: Assets/galaxiteimages/image21.png
  artifactKey: Guid(3ac554c7fcf81184c8a59851aa1c495a) Importer(815301076,1909f56bfc062723c751e8b465ee728b)
Start importing Assets/galaxiteimages/image21.png using Guid(3ac554c7fcf81184c8a59851aa1c495a) Importer(815301076,1909f56bfc062723c751e8b465ee728b)  -> (artifact id: '0ef277bf20fd6d37436236b594fccac8') in 0.172064 seconds 
========================================================================
Received Import Request.
  Time since last request: 0.000023 seconds.
  path: Assets/galaxiteimages/image54.png
  artifactKey: Guid(1a4a12134953faa4499cdf2ba78aa4ae) Importer(815301076,1909f56bfc062723c751e8b465ee728b)
Start importing Assets/galaxiteimages/image54.png using Guid(1a4a12134953faa4499cdf2ba78aa4ae) Importer(815301076,1909f56bfc062723c751e8b465ee728b)  -> (artifact id: '9b2013fa66fc9f49d0677f87709e1329') in 0.151826 seconds 
========================================================================
Received Import Request.
  Time since last request: 0.000031 seconds.
  path: Assets/galaxiteimages/image52.png
  artifactKey: Guid(800b7ade19d0b8044976fed5fe6a0110) Importer(815301076,1909f56bfc062723c751e8b465ee728b)
Start importing Assets/galaxiteimages/image52.png using Guid(800b7ade19d0b8044976fed5fe6a0110) Importer(815301076,1909f56bfc062723c751e8b465ee728b)  -> (artifact id: '6ff701d6ad6fa7107f67d95c308fd866') in 0.130188 seconds 
========================================================================
Received Import Request.
  Time since last request: 0.000036 seconds.
  path: Assets/galaxiteimages/image4.png
  artifactKey: Guid(d0fa14e1bf2d6844b957af03f4a33522) Importer(815301076,1909f56bfc062723c751e8b465ee728b)
Start importing Assets/galaxiteimages/image4.png using Guid(d0fa14e1bf2d6844b957af03f4a33522) Importer(815301076,1909f56bfc062723c751e8b465ee728b)  -> (artifact id: 'f1da8c880de628c539ee8e0f29c663b1') in 0.139767 seconds 
========================================================================
Received Import Request.
  Time since last request: 0.000029 seconds.
  path: Assets/galaxiteimages/image3.png
  artifactKey: Guid(7c73186babd76b2439c1321885a1b24c) Importer(815301076,1909f56bfc062723c751e8b465ee728b)
Start importing Assets/galaxiteimages/image3.png using Guid(7c73186babd76b2439c1321885a1b24c) Importer(815301076,1909f56bfc062723c751e8b465ee728b)  -> (artifact id: '596cd6e1af8fe5f9a5f9de00e17e4dbe') in 0.152994 seconds 
========================================================================
Received Import Request.
  Time since last request: 0.000031 seconds.
  path: Assets/galaxiteimages/image12.png
  artifactKey: Guid(b7bddee76a0e67b4c93262221f907a4d) Importer(815301076,1909f56bfc062723c751e8b465ee728b)
Start importing Assets/galaxiteimages/image12.png using Guid(b7bddee76a0e67b4c93262221f907a4d) Importer(815301076,1909f56bfc062723c751e8b465ee728b)  -> (artifact id: '562b835db727156846ee17265bb7e849') in 0.155911 seconds 
========================================================================
Received Import Request.
  Time since last request: 0.000041 seconds.
  path: Assets/galaxiteimages/image8.png
  artifactKey: Guid(0159d2afaad7c0945b5741e11005e76c) Importer(815301076,1909f56bfc062723c751e8b465ee728b)
Start importing Assets/galaxiteimages/image8.png using Guid(0159d2afaad7c0945b5741e11005e76c) Importer(815301076,1909f56bfc062723c751e8b465ee728b)  -> (artifact id: '54e9e6db8fc36d8eced7fb8d4f9666f3') in 0.142452 seconds 
========================================================================
Received Import Request.
  Time since last request: 0.000032 seconds.
  path: Assets/galaxiteimages/image53.png
  artifactKey: Guid(be4df3f3489813d46a49ac4c5d7a400a) Importer(815301076,1909f56bfc062723c751e8b465ee728b)
Start importing Assets/galaxiteimages/image53.png using Guid(be4df3f3489813d46a49ac4c5d7a400a) Importer(815301076,1909f56bfc062723c751e8b465ee728b)  -> (artifact id: '0f4f995699066c1a2fcc920245eba7ca') in 0.134819 seconds 
========================================================================
Received Import Request.
  Time since last request: 0.000041 seconds.
  path: Assets/galaxiteimages/image59.png
  artifactKey: Guid(4f1bac1e7c573fa4fb2138602a80c284) Importer(815301076,1909f56bfc062723c751e8b465ee728b)
Start importing Assets/galaxiteimages/image59.png using Guid(4f1bac1e7c573fa4fb2138602a80c284) Importer(815301076,1909f56bfc062723c751e8b465ee728b)  -> (artifact id: 'd1a2c5af1bd9180456f1c3b31b7d9d24') in 0.207172 seconds 
========================================================================
Received Import Request.
  Time since last request: 0.000032 seconds.
  path: Assets/galaxiteimages/image18.png
  artifactKey: Guid(d6028be7b3b83944f987a5c982e1e25d) Importer(815301076,1909f56bfc062723c751e8b465ee728b)
Start importing Assets/galaxiteimages/image18.png using Guid(d6028be7b3b83944f987a5c982e1e25d) Importer(815301076,1909f56bfc062723c751e8b465ee728b)  -> (artifact id: '66a7b561952f76abbe073a6a673f3cd6') in 0.139328 seconds 
========================================================================
Received Import Request.
  Time since last request: 0.000026 seconds.
  path: Assets/galaxiteimages/image14.png
  artifactKey: Guid(d756e83d286ab8e4ea88d5905bdc1f7f) Importer(815301076,1909f56bfc062723c751e8b465ee728b)
Start importing Assets/galaxiteimages/image14.png using Guid(d756e83d286ab8e4ea88d5905bdc1f7f) Importer(815301076,1909f56bfc062723c751e8b465ee728b)  -> (artifact id: '3140f80afd58eef68f3dcf33c8be9515') in 0.151097 seconds 
========================================================================
Received Import Request.
  Time since last request: 0.000027 seconds.
  path: Assets/galaxiteimages/image6.png
  artifactKey: Guid(94205be0c1bc5db4ba6a88f3b98e166b) Importer(815301076,1909f56bfc062723c751e8b465ee728b)
Start importing Assets/galaxiteimages/image6.png using Guid(94205be0c1bc5db4ba6a88f3b98e166b) Importer(815301076,1909f56bfc062723c751e8b465ee728b)  -> (artifact id: 'c840578e7ac92c8675b0a69369dfc137') in 0.169133 seconds 
========================================================================
Received Import Request.
  Time since last request: 0.000030 seconds.
  path: Assets/galaxiteimages/image17.png
  artifactKey: Guid(97365a41f8ee79e4eb0020c99ba4ae85) Importer(815301076,1909f56bfc062723c751e8b465ee728b)
Start importing Assets/galaxiteimages/image17.png using Guid(97365a41f8ee79e4eb0020c99ba4ae85) Importer(815301076,1909f56bfc062723c751e8b465ee728b)  -> (artifact id: 'e4759ed719c66c17cff1ba0f8b375326') in 0.158648 seconds 
========================================================================
Received Import Request.
  Time since last request: 0.000022 seconds.
  path: Assets/galaxiteimages/image44.png
  artifactKey: Guid(a2033dcb0988f6247b867ecf473faf60) Importer(815301076,1909f56bfc062723c751e8b465ee728b)
Start importing Assets/galaxiteimages/image44.png using Guid(a2033dcb0988f6247b867ecf473faf60) Importer(815301076,1909f56bfc062723c751e8b465ee728b)  -> (artifact id: 'fe9f734297130ac4dc1db52b6dd6a7f6') in 0.194566 seconds 
========================================================================
Received Import Request.
  Time since last request: 0.000029 seconds.
  path: Assets/galaxiteimages/image7.png
  artifactKey: Guid(09030dc36e580504aa2800b814597731) Importer(815301076,1909f56bfc062723c751e8b465ee728b)
Start importing Assets/galaxiteimages/image7.png using Guid(09030dc36e580504aa2800b814597731) Importer(815301076,1909f56bfc062723c751e8b465ee728b)  -> (artifact id: 'c0156e2d858c5f31e21b81b80d062b0c') in 0.152574 seconds 
========================================================================
Received Import Request.
  Time since last request: 0.000046 seconds.
  path: Assets/galaxiteimages/image50.png
  artifactKey: Guid(16a3c8e72efa803419eb9ed47d1cd290) Importer(815301076,1909f56bfc062723c751e8b465ee728b)
Start importing Assets/galaxiteimages/image50.png using Guid(16a3c8e72efa803419eb9ed47d1cd290) Importer(815301076,1909f56bfc062723c751e8b465ee728b)  -> (artifact id: 'd95c464d14a34846e3a5b28ac4bdf5e4') in 0.167157 seconds 
========================================================================
Received Import Request.
  Time since last request: 0.000023 seconds.
  path: Assets/galaxiteimages/image13.png
  artifactKey: Guid(52ad6df7a16a3ee448b34e42dd57944a) Importer(815301076,1909f56bfc062723c751e8b465ee728b)
Start importing Assets/galaxiteimages/image13.png using Guid(52ad6df7a16a3ee448b34e42dd57944a) Importer(815301076,1909f56bfc062723c751e8b465ee728b)  -> (artifact id: '305f8b4f56b7ded4a2caf4b0b4a32661') in 0.152103 seconds 
========================================================================
Received Import Request.
  Time since last request: 0.000030 seconds.
  path: Assets/galaxiteimages/image55.png
  artifactKey: Guid(ff008a9f1bd2fa448b3528db54bd12ee) Importer(815301076,1909f56bfc062723c751e8b465ee728b)
Start importing Assets/galaxiteimages/image55.png using Guid(ff008a9f1bd2fa448b3528db54bd12ee) Importer(815301076,1909f56bfc062723c751e8b465ee728b)  -> (artifact id: 'aaf240eea3e0f9951e5e2fdedd6ca3d9') in 0.149030 seconds 
========================================================================
Received Import Request.
  Time since last request: 0.000027 seconds.
  path: Assets/galaxiteimages/image48.png
  artifactKey: Guid(dded72577d1e2a647aa8efd4a2f7e78f) Importer(815301076,1909f56bfc062723c751e8b465ee728b)
Start importing Assets/galaxiteimages/image48.png using Guid(dded72577d1e2a647aa8efd4a2f7e78f) Importer(815301076,1909f56bfc062723c751e8b465ee728b)  -> (artifact id: '80f7106790ce7fa8de138af3a599c039') in 0.197328 seconds 
========================================================================
Received Import Request.
  Time since last request: 0.000035 seconds.
  path: Assets/galaxiteimages/image10.png
  artifactKey: Guid(9bf4710a9fb850f458da9898b6bcfd88) Importer(815301076,1909f56bfc062723c751e8b465ee728b)
Start importing Assets/galaxiteimages/image10.png using Guid(9bf4710a9fb850f458da9898b6bcfd88) Importer(815301076,1909f56bfc062723c751e8b465ee728b)  -> (artifact id: 'ef463a0f1d3afa66a03091ea5f20323e') in 0.140803 seconds 
========================================================================
Received Import Request.
  Time since last request: 0.000039 seconds.
  path: Assets/galaxiteimages/image5.png
  artifactKey: Guid(3c4073c7a1877c046ab297487dde0a9f) Importer(815301076,1909f56bfc062723c751e8b465ee728b)
Start importing Assets/galaxiteimages/image5.png using Guid(3c4073c7a1877c046ab297487dde0a9f) Importer(815301076,1909f56bfc062723c751e8b465ee728b)  -> (artifact id: '48f88401843d8d0c1710ffdef5ab2fc3') in 0.181926 seconds 
========================================================================
Received Import Request.
  Time since last request: 0.000026 seconds.
  path: Assets/galaxiteimages/image40.png
  artifactKey: Guid(97e15865d691b6249ac3bb47f169f8d3) Importer(815301076,1909f56bfc062723c751e8b465ee728b)
Start importing Assets/galaxiteimages/image40.png using Guid(97e15865d691b6249ac3bb47f169f8d3) Importer(815301076,1909f56bfc062723c751e8b465ee728b)  -> (artifact id: 'df5e9b8fb1dc32f7d4a8243137281c3e') in 0.179559 seconds 
========================================================================
Received Import Request.
  Time since last request: 0.000027 seconds.
  path: Assets/galaxiteimages/image11.png
  artifactKey: Guid(31c9cf77b7968c24b92432811e5fd27d) Importer(815301076,1909f56bfc062723c751e8b465ee728b)
Start importing Assets/galaxiteimages/image11.png using Guid(31c9cf77b7968c24b92432811e5fd27d) Importer(815301076,1909f56bfc062723c751e8b465ee728b)  -> (artifact id: '57698ca4e7831a46ac56408f4effefa5') in 0.137645 seconds 
========================================================================
Received Import Request.
  Time since last request: 0.000037 seconds.
  path: Assets/galaxiteimages/image36.png
  artifactKey: Guid(ab376a2d8d2f2474388b5bbf20825a4e) Importer(815301076,1909f56bfc062723c751e8b465ee728b)
Start importing Assets/galaxiteimages/image36.png using Guid(ab376a2d8d2f2474388b5bbf20825a4e) Importer(815301076,1909f56bfc062723c751e8b465ee728b)  -> (artifact id: '618a2fadd18ed6c2e0d05918cc15bbdb') in 0.146017 seconds 
========================================================================
Received Import Request.
  Time since last request: 0.000037 seconds.
  path: Assets/galaxiteimages/image39.png
  artifactKey: Guid(ac011d28030932348b6783f8ee3a1a2b) Importer(815301076,1909f56bfc062723c751e8b465ee728b)
Start importing Assets/galaxiteimages/image39.png using Guid(ac011d28030932348b6783f8ee3a1a2b) Importer(815301076,1909f56bfc062723c751e8b465ee728b)  -> (artifact id: '0650b84dc3eaedc4365b9891a080d88f') in 0.193520 seconds 
========================================================================
Received Import Request.
  Time since last request: 0.000030 seconds.
  path: Assets/galaxiteimages/image57.png
  artifactKey: Guid(657ec8cefe863434793d944948d43fa8) Importer(815301076,1909f56bfc062723c751e8b465ee728b)
Start importing Assets/galaxiteimages/image57.png using Guid(657ec8cefe863434793d944948d43fa8) Importer(815301076,1909f56bfc062723c751e8b465ee728b)  -> (artifact id: '63f0a63f3c470c4647b43e94d3052817') in 0.125884 seconds 
========================================================================
Received Import Request.
  Time since last request: 0.000027 seconds.
  path: Assets/galaxiteimages/image34.png
  artifactKey: Guid(6a6ae47c551c01e4a8e08b3faf91294f) Importer(815301076,1909f56bfc062723c751e8b465ee728b)
Start importing Assets/galaxiteimages/image34.png using Guid(6a6ae47c551c01e4a8e08b3faf91294f) Importer(815301076,1909f56bfc062723c751e8b465ee728b)  -> (artifact id: '5245a04d58750fd383f121f2ab16bbae') in 0.187689 seconds 
========================================================================
Received Prepare
Registering precompiled user dll's ...
Registered in 0.007049 seconds.
Begin MonoManager ReloadAssembly
Symbol file LoadedFromMemory doesn't match image X:\unityproj\MCPE Guessr\Library\PackageCache\com.unity.visualscripting@1.7.8\Editor\VisualScripting.Core\Dependencies\YamlDotNet\Unity.VisualScripting.YamlDotNet.dll
Symbol file LoadedFromMemory doesn't match image X:\unityproj\MCPE Guessr\Library\PackageCache\com.unity.visualscripting@1.7.8\Editor\VisualScripting.Core\Dependencies\DotNetZip\Unity.VisualScripting.IonicZip.dll
Native extension for WindowsStandalone target not found
Native extension for WebGL target not found
Refreshing native plugins compatible for Editor in 0.75 ms, found 4 plugins.
Preloading 0 native plugins for Editor in 0.00 ms.
Mono: successfully reloaded assembly
- Completed reload, in  1.161 seconds
Domain Reload Profiling:
	ReloadAssembly (1161ms)
		BeginReloadAssembly (142ms)
			ExecutionOrderSort (0ms)
			DisableScriptedObjects (8ms)
			BackupInstance (0ms)
			ReleaseScriptingObjects (0ms)
			CreateAndSetChildDomain (40ms)
		EndReloadAssembly (911ms)
			LoadAssemblies (96ms)
			RebuildTransferFunctionScriptingTraits (0ms)
			SetupTypeCache (294ms)
			ReleaseScriptCaches (2ms)
			RebuildScriptCaches (54ms)
			SetupLoadedEditorAssemblies (400ms)
				LogAssemblyErrors (0ms)
				InitializePlatformSupportModulesInManaged (14ms)
				SetLoadedEditorAssemblies (1ms)
				RefreshPlugins (1ms)
				BeforeProcessingInitializeOnLoad (76ms)
				ProcessInitializeOnLoadAttributes (253ms)
				ProcessInitializeOnLoadMethodAttributes (51ms)
				AfterProcessingInitializeOnLoad (3ms)
				EditorAssembliesLoaded (0ms)
			ExecutionOrderSort2 (0ms)
			AwakeInstancesAfterBackupRestoration (14ms)
Platform modules already initialized, skipping
Refreshing native plugins compatible for Editor in 2.83 ms, found 4 plugins.
Preloading 0 native plugins for Editor in 0.00 ms.
Unloading 4068 Unused Serialized files (Serialized files now loaded: 0)
Unloading 31 unused Assets / (190.2 KB). Loaded Objects now: 4548.
Memory consumption went from 156.9 MB to 156.7 MB.
Total: 3.843500 ms (FindLiveObjects: 0.342300 ms CreateObjectMapping: 0.097000 ms MarkObjects: 3.233400 ms  DeleteObjects: 0.169400 ms)

AssetImportParameters requested are different than current active one (requested -> active):
  custom:video-decoder-ogg-theora: a1e56fd34408186e4bbccfd4996cb3dc -> 
  custom:container-muxer-webm: aa71ff27fc2769a1b78a27578f13a17b -> 
  custom:container-demuxer-webm: 4f35f7cbe854078d1ac9338744f61a02 -> 
  custom:video-encoder-webm-vp8: eb34c28f22e8b96e1ab97ce403110664 -> 
  custom:audio-encoder-webm-vorbis: bf7c407c2cedff20999df2af8eb42d56 -> 
  custom:framework-win-MediaFoundation: 216162199b28c13a410421893ffa2e32 -> 
  custom:container-demuxer-ogg: 62fdf1f143b41e24485cea50d1cbac27 -> 
  custom:video-decoder-webm-vp8: 9c59270c3fd7afecdb556c50c9e8de78 -> 
  custom:audio-decoder-ogg-vorbis: bf7c407c2cedff20999df2af8eb42d56 -> 
Editor requested this worker to shutdown with reason: Scaling down because of idle timeout
AssetImportWorker is now disconnected from the server
Process exiting
Exiting without the bug reporter. Application will terminate with return code 0